2020-06-01 20:34:39 INFO  Practice              Browser Invoked
2020-06-01 20:35:00 INFO  Practice              Username entered
2020-06-01 20:35:10 INFO  Practice              Password entered
2020-06-01 20:35:17 INFO  Practice              Login button clicked
2020-06-01 20:46:25 INFO  Practice              Browser Invoked
2020-06-01 20:47:04 INFO  Practice              Username entered
2020-06-01 20:47:05 INFO  Practice              Password entered
2020-06-01 20:47:08 INFO  Practice              Login button clicked
2020-06-01 20:47:08 INFO  Practice              Browser Invoked
2020-06-01 20:50:49 INFO  Practice              Browser Invoked
2020-06-01 20:50:50 INFO  Practice              Username entered
2020-06-01 20:51:05 INFO  Practice              Password entered
2020-06-01 20:51:06 INFO  Practice              Login button clicked
2020-06-01 20:51:06 INFO  Practice              Browser Invoked
2020-06-01 21:10:51 INFO  Practice              Browser Invoked
2020-06-01 21:10:53 INFO  Practice              Username entered
2020-06-01 21:10:54 INFO  Practice              Password entered
2020-06-01 21:10:57 INFO  Practice              Login button clicked
2020-06-01 21:15:12 INFO  Practice              Browser Invoked
2020-06-01 21:15:22 INFO  Practice              Username entered
2020-06-01 21:15:22 INFO  Practice              Password entered
2020-06-01 21:15:23 INFO  Practice              Login button clicked
2020-06-01 21:15:25 INFO  Practice              New Customer link clicked
2020-06-01 21:17:19 INFO  Practice              Browser Invoked
2020-06-01 21:17:32 INFO  Practice              Username entered
2020-06-01 21:17:33 INFO  Practice              Password entered
2020-06-01 21:17:35 INFO  Practice              Login button clicked
2020-06-01 21:17:38 INFO  Practice              New Customer link clicked
2020-06-01 21:21:21 INFO  Practice              Browser Invoked
2020-06-01 21:21:22 INFO  Practice              Username entered
2020-06-01 21:21:22 INFO  Practice              Password entered
2020-06-01 21:21:25 INFO  Practice              Login button clicked
2020-06-01 21:21:25 INFO  Practice              New Customer link clicked
2020-06-01 21:24:49 INFO  Practice              Browser Invoked
2020-06-01 21:24:50 INFO  Practice              Username entered
2020-06-01 21:24:51 INFO  Practice              Password entered
2020-06-01 21:24:52 INFO  Practice              Login button clicked
2020-06-01 21:24:53 INFO  Practice              New Customer link clicked
